0	20:00:29.154	Compiling 'MACD Sample'
0	20:00:29.154	Compiling 'Moving Average'
0	20:00:33.515	Compiling 'Accelerator'
0	20:00:33.515	Compiling 'Accumulation'
0	20:00:33.515	Compiling 'Alligator'
0	20:00:33.515	Compiling 'ATR'
0	20:00:33.515	Compiling 'Awesome'
0	20:00:33.515	Compiling 'Bands'
0	20:00:33.515	Compiling 'Bears'
0	20:00:33.515	Compiling 'Bulls'
0	20:00:33.515	Compiling 'CCI'
0	20:00:33.515	Compiling 'Custom Moving Averages'
0	20:00:33.515	Compiling 'Heiken Ashi'
0	20:00:33.515	Compiling 'Ichimoku'
0	20:00:33.515	Compiling 'iExposure'
0	20:00:33.515	Compiling 'MACD'
0	20:00:33.515	Compiling 'Momentum'
0	20:00:33.515	Compiling 'OsMA'
0	20:00:33.515	Compiling 'Parabolic'
0	20:00:33.515	Compiling 'RSI'
0	20:00:33.515	Compiling 'Stochastic'
0	20:00:33.515	Compiling 'ZigZag'
0	20:00:33.515	Compiling 'SimplePanel'
0	20:00:48.640	Compiling 'PeriodConverter'
0	20:00:48.640	Compiling 'DLLSampleTester'
0	20:00:48.640	Compiling 'PipeClient'
0	20:00:48.640	Compiling 'PipeClientPure'
0	20:00:52.425	Compiling 'stdlib'
